<?xml version="1.0" encoding="UTF-8"?>
<!-- Generated by org.testng.reporters.JUnitReportReporter -->
<testsuite hostname="Hope" failures="0" tests="1" name="day25.feb08.DemoB" time="0.022" errors="0" timestamp="2023-02-08T09:14:53 IST" skipped="0">
  <testcase classname="day25.feb08.DemoB" name="testB" time="0.022"/>
  <system-out>
    <![CDATA[@TestB]]>
  </system-out>
</testsuite> <!-- day25.feb08.DemoB -->
