<?xml version="1.0" encoding="UTF-8"?>
<!-- Generated by org.testng.reporters.JUnitReportReporter -->
<testsuite hostname="Hope" failures="0" tests="1" name="day26.feb09.PracticeParametersBrowser" time="10.440" errors="0" timestamp="2023-02-28T17:59:26 IST" skipped="0">
  <testcase classname="day26.feb09.PracticeParametersBrowser" name="test" time="10.440"/>
  <system-out>
    <![CDATA[Google]]>
  </system-out>
</testsuite> <!-- day26.feb09.PracticeParametersBrowser -->
