<?xml version="1.0" encoding="UTF-8"?>
<!-- Generated by org.testng.reporters.JUnitReportReporter -->
<testsuite hostname="Hope" failures="0" tests="3" name="day25.feb08.PracticeDataProvider1" time="0.018" errors="0" timestamp="2023-02-28T10:00:15 IST" skipped="0">
  <testcase classname="day25.feb08.PracticeDataProvider1" name="test" time="0.003"/>
  <system-out>
    <![CDATA[name is printing = Arya]]>
  </system-out>
  <testcase classname="day25.feb08.PracticeDataProvider1" name="test" time="0.002"/>
  <system-out>
    <![CDATA[name is printing = Vanitha]]>
  </system-out>
  <testcase classname="day25.feb08.PracticeDataProvider1" name="test" time="0.013"/>
  <system-out>
    <![CDATA[name is printing = Pawan]]>
  </system-out>
</testsuite> <!-- day25.feb08.PracticeDataProvider1 -->
