<?xml version="1.0" encoding="UTF-8"?>
<!-- Generated by org.testng.reporters.JUnitReportReporter -->
<testsuite hostname="Hope" failures="0" tests="3" name="day25.feb08.SampleDataProvider2" time="0.014" errors="0" timestamp="2023-06-05T20:29:35 IST" skipped="0">
  <testcase classname="day25.feb08.SampleDataProvider2" name="runner" time="0.011"/>
  <system-out>
    <![CDATA[A1 - B1]]>
  </system-out>
  <testcase classname="day25.feb08.SampleDataProvider2" name="runner" time="0.002"/>
  <system-out>
    <![CDATA[A2 - B2]]>
  </system-out>
  <testcase classname="day25.feb08.SampleDataProvider2" name="runner" time="0.001"/>
  <system-out>
    <![CDATA[A3 - B3]]>
  </system-out>
</testsuite> <!-- day25.feb08.SampleDataProvider2 -->
