<?xml version="1.0" encoding="UTF-8"?>
<!-- Generated by org.testng.reporters.JUnitReportReporter -->
<testsuite hostname="Hope" failures="0" tests="2" name="day27.feb10.Demo1" time="47.892" errors="0" timestamp="2023-03-01T15:05:54 IST" skipped="0">
  <testcase classname="day27.feb10.Demo1" name="testA" time="21.271"/>
  <system-out>
    <![CDATA[chrome]]>
  </system-out>
  <testcase classname="day27.feb10.Demo1" name="testA" time="26.621"/>
  <system-out>
    <![CDATA[firefox]]>
  </system-out>
</testsuite> <!-- day27.feb10.Demo1 -->
