<?xml version="1.0" encoding="UTF-8"?>
<!-- Generated by org.testng.reporters.JUnitReportReporter -->
<testsuite hostname="Hope" failures="0" tests="3" name="day25.feb08.SampleDataProvider1" time="0.018" errors="0" timestamp="2023-06-05T20:17:39 IST" skipped="0">
  <testcase classname="day25.feb08.SampleDataProvider1" name="runner" time="0.003"/>
  <system-out>
    <![CDATA[Arya]]>
  </system-out>
  <testcase classname="day25.feb08.SampleDataProvider1" name="runner" time="0.004"/>
  <system-out>
    <![CDATA[Vanitha]]>
  </system-out>
  <testcase classname="day25.feb08.SampleDataProvider1" name="runner" time="0.011"/>
  <system-out>
    <![CDATA[Pawan]]>
  </system-out>
</testsuite> <!-- day25.feb08.SampleDataProvider1 -->
