<?xml version="1.0" encoding="UTF-8"?>
<!-- Generated by org.testng.reporters.JUnitReportReporter -->
<testsuite hostname="Hope" failures="0" tests="3" name="day25.feb08.Demo3" time="0.028" errors="0" timestamp="2023-06-22T08:36:21 IST" skipped="0">
  <testcase classname="day25.feb08.Demo3" name="testA" time="0.022"/>
  <system-out>
    <![CDATA[A1 - B1]]>
  </system-out>
  <testcase classname="day25.feb08.Demo3" name="testA" time="0.004"/>
  <system-out>
    <![CDATA[A2 - B2]]>
  </system-out>
  <testcase classname="day25.feb08.Demo3" name="testA" time="0.002"/>
  <system-out>
    <![CDATA[A3 - B3]]>
  </system-out>
</testsuite> <!-- day25.feb08.Demo3 -->
