<?xml version="1.0" encoding="UTF-8"?>
<!-- Generated by org.testng.reporters.JUnitReportReporter -->
<testsuite hostname="Hope" failures="0" tests="4" name="day25.feb08.P1SingleDimInt" time="0.027" errors="0" timestamp="2023-06-22T08:46:00 IST" skipped="0">
  <testcase classname="day25.feb08.P1SingleDimInt" name="test" time="0.002"/>
  <system-out/>
  <testcase classname="day25.feb08.P1SingleDimInt" name="test" time="0.013"/>
  <system-out/>
  <testcase classname="day25.feb08.P1SingleDimInt" name="test" time="0.002"/>
  <system-out/>
  <testcase classname="day25.feb08.P1SingleDimInt" name="test" time="0.010"/>
  <system-out/>
</testsuite> <!-- day25.feb08.P1SingleDimInt -->
