<?xml version="1.0" encoding="UTF-8"?>
<!-- Generated by org.testng.reporters.JUnitReportReporter -->
<testsuite hostname="Hope" failures="0" tests="1" name="day25.feb08.Demo7" time="0.020" errors="0" timestamp="2023-06-05T20:08:48 IST" skipped="0">
  <testcase classname="day25.feb08.Demo7" name="testA" time="0.020"/>
  <system-out>
    <![CDATA[TestA...]]>
  </system-out>
</testsuite> <!-- day25.feb08.Demo7 -->
