<?xml version="1.0" encoding="UTF-8"?>
<!-- Generated by org.testng.reporters.JUnitReportReporter -->
<testsuite hostname="Hope" failures="0" tests="1" name="day24.feb07.Demo2" time="0.004" errors="0" timestamp="2023-06-05T19:53:14 IST" skipped="0">
  <testcase classname="day24.feb07.Demo2" name="testB" time="0.004"/>
  <system-out/>
</testsuite> <!-- day24.feb07.Demo2 -->
