<?xml version="1.0" encoding="UTF-8"?>
<!-- Generated by org.testng.reporters.JUnitReportReporter -->
<testsuite hostname="Hope" failures="0" tests="1" name="day26.feb09.PracticeParameters" time="0.020" errors="0" timestamp="2023-06-22T11:47:44 IST" skipped="0">
  <testcase classname="day26.feb09.PracticeParameters" name="test" time="0.020"/>
  <system-out>
    <![CDATA[Bengaluru - 560085]]>
  </system-out>
</testsuite> <!-- day26.feb09.PracticeParameters -->
