<?xml version="1.0" encoding="UTF-8"?>
<!-- Generated by org.testng.reporters.JUnitReportReporter -->
<testsuite hostname="Hope" failures="0" tests="3" name="day25.feb08.SampleTestNG" time="0.017" errors="0" timestamp="2023-06-21T10:33:16 IST" skipped="0">
  <testcase classname="day25.feb08.SampleTestNG" name="runner" time="0.001"/>
  <system-out>
    <![CDATA[Printing only in report
Printing in console
Printing only in report]]>
  </system-out>
  <testcase classname="day25.feb08.SampleTestNG" name="runner" time="0.014"/>
  <system-out>
    <![CDATA[Printing only in report
Printing in console
Printing only in report]]>
  </system-out>
  <testcase classname="day25.feb08.SampleTestNG" name="runner" time="0.002"/>
  <system-out>
    <![CDATA[Printing only in report
Printing in console
Printing only in report]]>
  </system-out>
</testsuite> <!-- day25.feb08.SampleTestNG -->
