<?xml version="1.0" encoding="UTF-8"?>
<!-- Generated by org.testng.reporters.JUnitReportReporter -->
<testsuite hostname="Hope" failures="0" tests="3" name="day25.feb08.PracticeDataProvider4" time="0.021" errors="0" timestamp="2023-02-28T10:49:58 IST" skipped="0">
  <testcase classname="day25.feb08.PracticeDataProvider4" name="test" time="0.015"/>
  <system-out>
    <![CDATA[Printing data = 10 - 20]]>
  </system-out>
  <testcase classname="day25.feb08.PracticeDataProvider4" name="test" time="0.002"/>
  <system-out>
    <![CDATA[Printing data = 30 - 40]]>
  </system-out>
  <testcase classname="day25.feb08.PracticeDataProvider4" name="test" time="0.004"/>
  <system-out>
    <![CDATA[Printing data = 50 - 60]]>
  </system-out>
</testsuite> <!-- day25.feb08.PracticeDataProvider4 -->
