<?xml version="1.0" encoding="UTF-8"?>
<!-- Generated by org.testng.reporters.JUnitReportReporter -->
<testsuite hostname="Hope" failures="0" tests="2" name="day27.feb10.PracticeParallel1" time="38.270" errors="0" timestamp="2023-03-13T13:03:00 IST" skipped="0">
  <testcase classname="day27.feb10.PracticeParallel1" name="test" time="21.211"/>
  <system-out/>
  <testcase classname="day27.feb10.PracticeParallel1" name="test" time="17.059"/>
  <system-out/>
</testsuite> <!-- day27.feb10.PracticeParallel1 -->
