<?xml version="1.0" encoding="UTF-8"?>
<!-- Generated by org.testng.reporters.JUnitReportReporter -->
<testsuite hostname="Hope" failures="0" tests="2" name="day27.feb10.Demo3" time="63.533" errors="0" timestamp="2023-02-10T08:52:16 IST" skipped="0">
  <testcase classname="day27.feb10.Demo3" name="testA" time="31.218"/>
  <system-out>
    <![CDATA[chrome]]>
  </system-out>
  <testcase classname="day27.feb10.Demo3" name="testA" time="32.315"/>
  <system-out>
    <![CDATA[firefox]]>
  </system-out>
</testsuite> <!-- day27.feb10.Demo3 -->
