<?xml version="1.0" encoding="UTF-8"?>
<!-- Generated by org.testng.reporters.JUnitReportReporter -->
<testsuite hostname="Hope" failures="0" tests="6" name="day26.feb09.Demo1" time="0.016" errors="0" timestamp="2023-06-22T10:55:19 IST" skipped="0">
  <testcase classname="day26.feb09.Demo1" name="createProuct" time="0.004"/>
  <system-out>
    <![CDATA[createProuct]]>
  </system-out>
  <testcase classname="day26.feb09.Demo1" name="deleteUser" time="0.002"/>
  <system-out>
    <![CDATA[deleteUser]]>
  </system-out>
  <testcase classname="day26.feb09.Demo1" name="deleteProduct" time="0.002"/>
  <system-out>
    <![CDATA[deleteProduct]]>
  </system-out>
  <testcase classname="day26.feb09.Demo1" name="editProduct" time="0.002"/>
  <system-out>
    <![CDATA[editProduct]]>
  </system-out>
  <testcase classname="day26.feb09.Demo1" name="createUser" time="0.004"/>
  <system-out>
    <![CDATA[createUser]]>
  </system-out>
  <testcase classname="day26.feb09.Demo1" name="editUser" time="0.002"/>
  <system-out>
    <![CDATA[editUser]]>
  </system-out>
</testsuite> <!-- day26.feb09.Demo1 -->
