<?xml version="1.0" encoding="UTF-8"?>
<!-- Generated by org.testng.reporters.JUnitReportReporter -->
<testsuite hostname="Hope" failures="0" tests="1" name="day27.feb10.PracticeGrid2" time="4.854" errors="0" timestamp="2023-03-01T16:01:11 IST" skipped="0">
  <testcase classname="day27.feb10.PracticeGrid2" name="test" time="4.854"/>
  <system-out/>
</testsuite> <!-- day27.feb10.PracticeGrid2 -->
