<?xml version="1.0" encoding="UTF-8"?>
<!-- Generated by org.testng.reporters.JUnitReportReporter -->
<testsuite hostname="Hope" failures="0" tests="3" name="day25.feb08.PracticeDataProvider5" time="0.028" errors="0" timestamp="2023-02-28T11:07:39 IST" skipped="0">
  <testcase classname="day25.feb08.PracticeDataProvider5" name="test" time="0.023"/>
  <system-out>
    <![CDATA[Printing data in = A1 - B1]]>
  </system-out>
  <testcase classname="day25.feb08.PracticeDataProvider5" name="test" time="0.002"/>
  <system-out>
    <![CDATA[Printing data in = A2 - B2]]>
  </system-out>
  <testcase classname="day25.feb08.PracticeDataProvider5" name="test" time="0.003"/>
  <system-out>
    <![CDATA[Printing data in = A3 - B3]]>
  </system-out>
</testsuite> <!-- day25.feb08.PracticeDataProvider5 -->
