<?xml version="1.0" encoding="UTF-8"?>
<!-- Generated by org.testng.reporters.JUnitReportReporter -->
<testsuite hostname="Hope" failures="0" tests="2" name="day25.feb08.PracticeDateProvider3" time="0.017" errors="0" timestamp="2023-02-28T10:41:14 IST" skipped="0">
  <testcase classname="day25.feb08.PracticeDateProvider3" name="test" time="0.004"/>
  <system-out>
    <![CDATA[Printing data in = A2]]>
  </system-out>
  <testcase classname="day25.feb08.PracticeDateProvider3" name="test" time="0.013"/>
  <system-out>
    <![CDATA[Printing data in = A1]]>
  </system-out>
</testsuite> <!-- day25.feb08.PracticeDateProvider3 -->
