<?xml version="1.0" encoding="UTF-8"?>
<!-- Generated by org.testng.reporters.JUnitReportReporter -->
<testsuite hostname="Hope" failures="0" tests="3" name="day25.feb08.Demo2" time="0.023" errors="0" timestamp="2023-06-05T20:00:16 IST" skipped="0">
  <testcase classname="day25.feb08.Demo2" name="testA" time="0.003"/>
  <system-out>
    <![CDATA[Chandana]]>
  </system-out>
  <testcase classname="day25.feb08.Demo2" name="testA" time="0.002"/>
  <system-out>
    <![CDATA[Bhanu]]>
  </system-out>
  <testcase classname="day25.feb08.Demo2" name="testA" time="0.018"/>
  <system-out>
    <![CDATA[Amit]]>
  </system-out>
</testsuite> <!-- day25.feb08.Demo2 -->
