<?xml version="1.0" encoding="UTF-8"?>
<!-- Generated by org.testng.reporters.JUnitReportReporter -->
<testsuite hostname="Hope" failures="0" tests="6" name="day25.feb08.PracticeBeforeAfterMethod" time="0.067" errors="0" timestamp="2023-02-28T12:55:54 IST" skipped="0">
  <testcase classname="day25.feb08.PracticeBeforeAfterMethod" name="f" time="0.022"/>
  <system-out>
    <![CDATA[Create Customer]]>
  </system-out>
  <testcase classname="day25.feb08.PracticeBeforeAfterMethod" name="f1" time="0.006"/>
  <system-out>
    <![CDATA[Edit Customer]]>
  </system-out>
  <testcase classname="day25.feb08.PracticeBeforeAfterMethod" name="f2" time="0.005"/>
  <system-out>
    <![CDATA[Update Customer Phone number]]>
  </system-out>
  <testcase classname="day25.feb08.PracticeBeforeAfterMethod" name="f3" time="0.018"/>
  <system-out>
    <![CDATA[Delete Customer Arya]]>
  </system-out>
  <testcase classname="day25.feb08.PracticeBeforeAfterMethod" name="f2" time="0.011"/>
  <system-out>
    <![CDATA[Update Customer Phone number]]>
  </system-out>
  <testcase classname="day25.feb08.PracticeBeforeAfterMethod" name="f3" time="0.005"/>
  <system-out>
    <![CDATA[Delete Customer Pawan]]>
  </system-out>
</testsuite> <!-- day25.feb08.PracticeBeforeAfterMethod -->
