<?xml version="1.0" encoding="UTF-8"?>
<!-- Generated by org.testng.reporters.JUnitReportReporter -->
<testsuite hostname="Hope" failures="0" tests="1" name="day27.feb10.Demo2" time="9.365" errors="0" timestamp="2023-02-10T08:34:23 IST" skipped="0">
  <testcase classname="day27.feb10.Demo2" name="testA" time="9.365"/>
  <system-out/>
</testsuite> <!-- day27.feb10.Demo2 -->
