<?xml version="1.0" encoding="UTF-8"?>
<!-- Generated by org.testng.reporters.JUnitReportReporter -->
<testsuite hostname="Hope" failures="0" tests="4" name="day25.feb08.P1ArrayL" time="0.022" errors="0" timestamp="2023-06-22T09:12:37 IST" skipped="0">
  <testcase classname="day25.feb08.P1ArrayL" name="test" time="0.002"/>
  <system-out/>
  <testcase classname="day25.feb08.P1ArrayL" name="test" time="0.005"/>
  <system-out/>
  <testcase classname="day25.feb08.P1ArrayL" name="test" time="0.003"/>
  <system-out/>
  <testcase classname="day25.feb08.P1ArrayL" name="test" time="0.012"/>
  <system-out/>
</testsuite> <!-- day25.feb08.P1ArrayL -->
