<?xml version="1.0" encoding="UTF-8"?>
<!-- Generated by org.testng.reporters.JUnitReportReporter -->
<testsuite hostname="Hope" failures="0" tests="4" name="day25.feb08.P12DimInt" time="0.023" errors="0" timestamp="2023-06-22T09:03:40 IST" skipped="0">
  <testcase classname="day25.feb08.P12DimInt" name="test" time="0.001"/>
  <system-out/>
  <testcase classname="day25.feb08.P12DimInt" name="test" time="0.005"/>
  <system-out/>
  <testcase classname="day25.feb08.P12DimInt" name="test" time="0.004"/>
  <system-out/>
  <testcase classname="day25.feb08.P12DimInt" name="test" time="0.013"/>
  <system-out/>
</testsuite> <!-- day25.feb08.P12DimInt -->
