<?xml version="1.0" encoding="UTF-8"?>
<!-- Generated by org.testng.reporters.JUnitReportReporter -->
<testsuite hostname="Hope" failures="0" tests="1" name="day24.feb07.Practice2" time="0.002" errors="0" timestamp="2023-06-05T19:53:14 IST" skipped="0">
  <testcase classname="day24.feb07.Practice2" name="google" time="0.002"/>
  <system-out>
    <![CDATA[Printing google on repot
Printing google in report and console both
Printing google in report2]]>
  </system-out>
</testsuite> <!-- day24.feb07.Practice2 -->
