<?xml version="1.0" encoding="UTF-8"?>
<!-- Generated by org.testng.reporters.JUnitReportReporter -->
<testsuite hostname="Hope" failures="0" tests="1" name="day25.feb08.PracticeAnnotation2ExtendsBase" time="0.002" errors="0" timestamp="2023-02-28T12:31:02 IST" skipped="0">
  <testcase classname="day25.feb08.PracticeAnnotation2ExtendsBase" name="test" time="0.002"/>
  <system-out>
    <![CDATA[Edit customer]]>
  </system-out>
</testsuite> <!-- day25.feb08.PracticeAnnotation2ExtendsBase -->
