<?xml version="1.0" encoding="UTF-8"?>
<!-- Generated by org.testng.reporters.JUnitReportReporter -->
<testsuite hostname="Hope" failures="0" tests="8" name="day26.feb09.PracticeAll" time="0.037" errors="0" timestamp="2023-06-22T11:38:48 IST" skipped="0">
  <testcase classname="day26.feb09.PracticeAll" name="testE" time="0.003"/>
  <system-out>
    <![CDATA[add customer]]>
  </system-out>
  <testcase classname="day26.feb09.PracticeAll" name="runAssertion" time="0.017"/>
  <system-out>
    <![CDATA[Open Browser
close Browser
Working fine
Loading.....]]>
  </system-out>
  <testcase classname="day26.feb09.PracticeAll" name="testG" time="0.003"/>
  <system-out>
    <![CDATA[alter customer]]>
  </system-out>
  <testcase classname="day26.feb09.PracticeAll" name="testC" time="0.002"/>
  <system-out>
    <![CDATA[delete customer]]>
  </system-out>
  <testcase classname="day26.feb09.PracticeAll" name="testB" time="0.005"/>
  <system-out>
    <![CDATA[edit customer]]>
  </system-out>
  <testcase classname="day26.feb09.PracticeAll" name="testA" time="0.002"/>
  <system-out>
    <![CDATA[Create customer]]>
  </system-out>
  <testcase classname="day26.feb09.PracticeAll" name="testD" time="0.002"/>
  <system-out>
    <![CDATA[update customer]]>
  </system-out>
  <testcase classname="day26.feb09.PracticeAll" name="testF" time="0.003"/>
  <system-out>
    <![CDATA[remove customer]]>
  </system-out>
</testsuite> <!-- day26.feb09.PracticeAll -->
