<?xml version="1.0" encoding="UTF-8"?>
<!-- Generated by org.testng.reporters.JUnitReportReporter -->
<testsuite hostname="Hope" failures="0" tests="1" name="day25.feb08.Demo8" time="0.017" errors="0" timestamp="2023-06-05T20:09:06 IST" skipped="0">
  <testcase classname="day25.feb08.Demo8" name="testB" time="0.017"/>
  <system-out>
    <![CDATA[TestB...]]>
  </system-out>
</testsuite> <!-- day25.feb08.Demo8 -->
