<?xml version="1.0" encoding="UTF-8"?>
<!-- Generated by org.testng.reporters.JUnitReportReporter -->
<testsuite hostname="Hope" failures="0" tests="2" name="day25.feb08.Demo5" time="0.031" errors="0" timestamp="2023-06-22T09:14:57 IST" skipped="0">
  <testcase classname="day25.feb08.Demo5" name="g" time="0.007"/>
  <system-out>
    <![CDATA[edit customer]]>
  </system-out>
  <testcase classname="day25.feb08.Demo5" name="f" time="0.024"/>
  <system-out>
    <![CDATA[create customer]]>
  </system-out>
</testsuite> <!-- day25.feb08.Demo5 -->
