<?xml version="1.0" encoding="UTF-8"?>
<!-- Generated by org.testng.reporters.JUnitReportReporter -->
<testsuite hostname="Hope" failures="0" tests="2" name="day26.feb09.Demo7" time="0.004" errors="0" timestamp="2023-06-22T10:55:18 IST" skipped="0">
  <testcase classname="day26.feb09.Demo7" name="deleteUser" time="0.002"/>
  <system-out>
    <![CDATA[deleteUser]]>
  </system-out>
  <testcase classname="day26.feb09.Demo7" name="createUser" time="0.002"/>
  <system-out>
    <![CDATA[createUser]]>
  </system-out>
</testsuite> <!-- day26.feb09.Demo7 -->
