<?xml version="1.0" encoding="UTF-8"?>
<!-- Generated by org.testng.reporters.JUnitReportReporter -->
<testsuite hostname="Hope" failures="0" tests="1" name="day26.feb09.Demo9" time="17.656" errors="0" timestamp="2023-02-09T09:07:48 IST" skipped="0">
  <testcase classname="day26.feb09.Demo9" name="testA" time="17.656"/>
  <system-out>
    <![CDATA[Google]]>
  </system-out>
</testsuite> <!-- day26.feb09.Demo9 -->
