<?xml version="1.0" encoding="UTF-8"?>
<!-- Generated by org.testng.reporters.JUnitReportReporter -->
<testsuite hostname="Hope" failures="0" tests="1" name="day25.feb08.DemoC" time="0.014" errors="0" timestamp="2023-06-05T20:10:16 IST" skipped="0">
  <testcase classname="day25.feb08.DemoC" name="testC" time="0.014"/>
  <system-out>
    <![CDATA[@TestC]]>
  </system-out>
</testsuite> <!-- day25.feb08.DemoC -->
