<?xml version="1.0" encoding="UTF-8"?>
<!-- Generated by org.testng.reporters.JUnitReportReporter -->
<testsuite hostname="Hope" failures="0" tests="1" name="day26.feb09.PracticeAssert3" time="0.007" errors="0" timestamp="2023-06-22T10:55:18 IST" skipped="0">
  <testcase classname="day26.feb09.PracticeAssert3" name="test" time="0.007"/>
  <system-out>
    <![CDATA[Enter UN and PWD
Load home page
Waiting...]]>
  </system-out>
</testsuite> <!-- day26.feb09.PracticeAssert3 -->
