<?xml version="1.0" encoding="UTF-8"?>
<!-- Generated by org.testng.reporters.JUnitReportReporter -->
<testsuite hostname="Hope" failures="0" tests="1" name="day27.feb10.PracticeGrid1" time="5.741" errors="0" timestamp="2023-03-01T15:50:11 IST" skipped="0">
  <testcase classname="day27.feb10.PracticeGrid1" name="test" time="5.741"/>
  <system-out/>
</testsuite> <!-- day27.feb10.PracticeGrid1 -->
