<?xml version="1.0" encoding="UTF-8"?>
<!-- Generated by org.testng.reporters.JUnitReportReporter -->
<testsuite hostname="Hope" failures="0" tests="1" name="day25.feb08.PracticeD2ExtendsBase" time="0.004" errors="0" timestamp="2023-02-28T12:10:56 IST" skipped="0">
  <testcase classname="day25.feb08.PracticeD2ExtendsBase" name="test" time="0.004"/>
  <system-out>
    <![CDATA[Update Customer]]>
  </system-out>
</testsuite> <!-- day25.feb08.PracticeD2ExtendsBase -->
