<?xml version="1.0" encoding="UTF-8"?>
<!-- Generated by org.testng.reporters.JUnitReportReporter -->
<testsuite hostname="Hope" failures="0" tests="3" name="day26.feb09.PracticePriority" time="0.011" errors="0" timestamp="2023-06-22T10:55:18 IST" skipped="0">
  <testcase classname="day26.feb09.PracticePriority" name="registerProduct" time="0.004"/>
  <system-out>
    <![CDATA[Register]]>
  </system-out>
  <testcase classname="day26.feb09.PracticePriority" name="editProduct" time="0.001"/>
  <system-out>
    <![CDATA[Edit]]>
  </system-out>
  <testcase classname="day26.feb09.PracticePriority" name="deleteProduct" time="0.006"/>
  <system-out>
    <![CDATA[Delete]]>
  </system-out>
</testsuite> <!-- day26.feb09.PracticePriority -->
