<?xml version="1.0" encoding="UTF-8"?>
<!-- Generated by org.testng.reporters.JUnitReportReporter -->
<testsuite hostname="Hope" failures="0" tests="1" name="day24.feb07.Demo3" time="0.003" errors="0" timestamp="2023-06-05T19:53:14 IST" skipped="0">
  <testcase classname="day24.feb07.Demo3" name="testA" time="0.003"/>
  <system-out/>
</testsuite> <!-- day24.feb07.Demo3 -->
