<?xml version="1.0" encoding="UTF-8"?>
<!-- Generated by org.testng.reporters.JUnitReportReporter -->
<testsuite hostname="Hope" failures="0" tests="2" name="day25.feb08.Demo9" time="0.019" errors="0" timestamp="2023-06-22T09:15:43 IST" skipped="0">
  <testcase classname="day25.feb08.Demo9" name="testA" time="0.014"/>
  <system-out>
    <![CDATA[@TestA]]>
  </system-out>
  <testcase classname="day25.feb08.Demo9" name="testB" time="0.005"/>
  <system-out>
    <![CDATA[@TestB]]>
  </system-out>
</testsuite> <!-- day25.feb08.Demo9 -->
