<?xml version="1.0" encoding="UTF-8"?>
<!-- Generated by org.testng.reporters.JUnitReportReporter -->
<testsuite hostname="Hope" failures="0" tests="9" name="day26.feb09.PracticeGroups" time="0.059" errors="0" timestamp="2023-06-22T10:55:18 IST" skipped="0">
  <testcase classname="day26.feb09.PracticeGroups" name="createProduct" time="0.005"/>
  <system-out>
    <![CDATA[Create Product]]>
  </system-out>
  <testcase classname="day26.feb09.PracticeGroups" name="editUser" time="0.010"/>
  <system-out>
    <![CDATA[Edit User]]>
  </system-out>
  <testcase classname="day26.feb09.PracticeGroups" name="deleteProduct" time="0.006"/>
  <system-out>
    <![CDATA[Delete Product]]>
  </system-out>
  <testcase classname="day26.feb09.PracticeGroups" name="copyBike" time="0.005"/>
  <system-out>
    <![CDATA[Delete Bike]]>
  </system-out>
  <testcase classname="day26.feb09.PracticeGroups" name="editProduct" time="0.008"/>
  <system-out>
    <![CDATA[Edit Product]]>
  </system-out>
  <testcase classname="day26.feb09.PracticeGroups" name="createUser" time="0.004"/>
  <system-out>
    <![CDATA[Create User]]>
  </system-out>
  <testcase classname="day26.feb09.PracticeGroups" name="deleteUser" time="0.006"/>
  <system-out>
    <![CDATA[Delete User]]>
  </system-out>
  <testcase classname="day26.feb09.PracticeGroups" name="removeBike" time="0.008"/>
  <system-out>
    <![CDATA[Edit Bike]]>
  </system-out>
  <testcase classname="day26.feb09.PracticeGroups" name="addBike" time="0.007"/>
  <system-out>
    <![CDATA[Create Bike]]>
  </system-out>
</testsuite> <!-- day26.feb09.PracticeGroups -->
