<?xml version="1.0" encoding="UTF-8"?>
<!-- Generated by org.testng.reporters.JUnitReportReporter -->
<testsuite hostname="Hope" failures="0" tests="3" name="day25.feb08.P1SingleDim" time="0.022" errors="0" timestamp="2023-06-22T08:45:29 IST" skipped="0">
  <testcase classname="day25.feb08.P1SingleDim" name="runner" time="0.003"/>
  <system-out/>
  <testcase classname="day25.feb08.P1SingleDim" name="runner" time="0.006"/>
  <system-out/>
  <testcase classname="day25.feb08.P1SingleDim" name="runner" time="0.013"/>
  <system-out/>
</testsuite> <!-- day25.feb08.P1SingleDim -->
