<?xml version="1.0" encoding="UTF-8"?>
<!-- Generated by org.testng.reporters.JUnitReportReporter -->
<testsuite hostname="Hope" failures="0" tests="1" name="day25.feb08.PracticeD1ExtendsBase" time="0.028" errors="0" timestamp="2023-06-21T08:13:43 IST" skipped="0">
  <testcase classname="day25.feb08.PracticeD1ExtendsBase" name="test" time="0.028"/>
  <system-out>
    <![CDATA[Create Customer]]>
  </system-out>
</testsuite> <!-- day25.feb08.PracticeD1ExtendsBase -->
