<?xml version="1.0" encoding="UTF-8"?>
<!-- Generated by org.testng.reporters.JUnitReportReporter -->
<testsuite hostname="Hope" failures="0" tests="5" name="day24.feb07.SampleProgramTest" time="0.036" errors="0" timestamp="2023-06-05T19:57:47 IST" skipped="0">
  <testcase classname="day24.feb07.SampleProgramTest" name="testBrowser" time="0.009"/>
  <system-out>
    <![CDATA[Hi, Pawan. Printing only in report
Hi, Vanitha. Printing both in report and console]]>
  </system-out>
  <testcase classname="day24.feb07.SampleProgramTest" name="testBrowser" time="0.001"/>
  <system-out>
    <![CDATA[Hi, Pawan. Printing only in report
Hi, Vanitha. Printing both in report and console]]>
  </system-out>
  <testcase classname="day24.feb07.SampleProgramTest" name="testBrowser" time="0.020"/>
  <system-out>
    <![CDATA[Hi, Pawan. Printing only in report
Hi, Vanitha. Printing both in report and console]]>
  </system-out>
  <testcase classname="day24.feb07.SampleProgramTest" name="testBrowser" time="0.004"/>
  <system-out>
    <![CDATA[Hi, Pawan. Printing only in report
Hi, Vanitha. Printing both in report and console]]>
  </system-out>
  <testcase classname="day24.feb07.SampleProgramTest" name="testBrowser" time="0.002"/>
  <system-out>
    <![CDATA[Hi, Pawan. Printing only in report
Hi, Vanitha. Printing both in report and console]]>
  </system-out>
</testsuite> <!-- day24.feb07.SampleProgramTest -->
