<?xml version="1.0" encoding="UTF-8"?>
<!-- Generated by org.testng.reporters.JUnitReportReporter -->
<testsuite hostname="Hope" failures="0" tests="3" name="day25.feb08.PracticeDataProvider6" time="0.022" errors="0" timestamp="2023-02-28T11:13:34 IST" skipped="0">
  <testcase classname="day25.feb08.PracticeDataProvider6" name="test" time="0.018"/>
  <system-out>
    <![CDATA[Printing data in = 10 - 20]]>
  </system-out>
  <testcase classname="day25.feb08.PracticeDataProvider6" name="test" time="0.002"/>
  <system-out>
    <![CDATA[Printing data in = 30 - 40]]>
  </system-out>
  <testcase classname="day25.feb08.PracticeDataProvider6" name="test" time="0.002"/>
  <system-out>
    <![CDATA[Printing data in = 50 - 60]]>
  </system-out>
</testsuite> <!-- day25.feb08.PracticeDataProvider6 -->
