<?xml version="1.0" encoding="UTF-8"?>
<!-- Generated by org.testng.reporters.JUnitReportReporter -->
<testsuite hostname="Hope" failures="0" tests="3" name="day26.feb09.Demo2" time="0.018" errors="0" timestamp="2023-06-22T11:30:05 IST" skipped="0">
  <testcase classname="day26.feb09.Demo2" name="deleteUser" time="0.013"/>
  <system-out>
    <![CDATA[deleteUser]]>
  </system-out>
  <testcase classname="day26.feb09.Demo2" name="registerUser" time="0.002"/>
  <system-out>
    <![CDATA[registerUser]]>
  </system-out>
  <testcase classname="day26.feb09.Demo2" name="editUser" time="0.003"/>
  <system-out>
    <![CDATA[editUser]]>
  </system-out>
</testsuite> <!-- day26.feb09.Demo2 -->
