<?xml version="1.0" encoding="UTF-8"?>
<!-- Generated by org.testng.reporters.JUnitReportReporter -->
<testsuite hostname="Hope" failures="0" tests="4" name="day25.feb08.PracticeDataProvider2" time="0.023" errors="0" timestamp="2023-02-28T10:38:05 IST" skipped="0">
  <testcase classname="day25.feb08.PracticeDataProvider2" name="test" time="0.003"/>
  <system-out>
    <![CDATA[Printing number from dataprovider = 100]]>
  </system-out>
  <testcase classname="day25.feb08.PracticeDataProvider2" name="test" time="0.004"/>
  <system-out>
    <![CDATA[Printing number from dataprovider = 500]]>
  </system-out>
  <testcase classname="day25.feb08.PracticeDataProvider2" name="test" time="0.015"/>
  <system-out>
    <![CDATA[Printing number from dataprovider = 20]]>
  </system-out>
  <testcase classname="day25.feb08.PracticeDataProvider2" name="test" time="0.001"/>
  <system-out>
    <![CDATA[Printing number from dataprovider = 400]]>
  </system-out>
</testsuite> <!-- day25.feb08.PracticeDataProvider2 -->
